<?xml version="1.0" encoding="UTF-8" standalone="no"?>
<testsuite failures="0" name="cucumber.runtime.formatter.JUnitFormatter" skipped="0" tests="1" time="14.596694">
<testcase classname="feature to test google search functionality" name="Validate google search is working" time="14.596694">
<system-out><![CDATA[Given browser is open.......................................................passed
And User is on google search page...........................................passed
When User enters the text in search box.....................................passed
And hits enter..............................................................passed
Then user is navigated to the search results................................passed
]]></system-out>
</testcase>
</testsuite>
